-------------------------------------------------------------------------------
Test set: com.demo.HibernateDemo.UserTest
-------------------------------------------------------------------------------
Tests run: 1, Failures: 0, Errors: 1, Skipped: 0, Time elapsed: 0.765 sec <<< FAILURE!
com.demo.HibernateDemo.UserTest(com.demo.HibernateDemo.UserTest)  Time elapsed: 0.765 sec  <<< ERROR!
java.lang.NoClassDefFoundError: javax/activation/DataSource
	at com.sun.xml.bind.v2.model.impl.RuntimeBuiltinLeafInfoImpl.<clinit>(RuntimeBuiltinLeafInfoImpl.java:464)
	at com.sun.xml.bind.v2.model.impl.RuntimeTypeInfoSetImpl.<init>(RuntimeTypeInfoSetImpl.java:64)
	at com.sun.xml.bind.v2.model.impl.RuntimeModelBuilder.createTypeInfoSet(RuntimeModelBuilder.java:133)
	at com.sun.xml.bind.v2.model.impl.RuntimeModelBuilder.createTypeInfoSet(RuntimeModelBuilder.java:85)
	at com.sun.xml.bind.v2.model.impl.ModelBuilder.<init>(ModelBuilder.java:162)
	at com.sun.xml.bind.v2.model.impl.RuntimeModelBuilder.<init>(RuntimeModelBuilder.java:93)
	at com.sun.xml.bind.v2.runtime.JAXBContextImpl.getTypeInfoSet(JAXBContextImpl.java:455)
	at com.sun.xml.bind.v2.runtime.JAXBContextImpl.<init>(JAXBContextImpl.java:303)
	at com.sun.xml.bind.v2.runtime.JAXBContextImpl.<init>(JAXBContextImpl.java:142)
	at com.sun.xml.bind.v2.runtime.JAXBContextImpl$JAXBContextBuilder.build(JAXBContextImpl.java:1174)
	at com.sun.xml.bind.v2.ContextFactory.createContext(ContextFactory.java:162)
	at java.base/jdk.internal.reflect.DirectMethodHandleAccessor.invoke(DirectMethodHandleAccessor.java:104)
	at java.base/java.lang.reflect.Method.invoke(Method.java:577)
	at javax.xml.bind.ContextFinder.newInstance(ContextFinder.java:262)
	at javax.xml.bind.ContextFinder.newInstance(ContextFinder.java:249)
	at javax.xml.bind.ContextFinder.find(ContextFinder.java:456)
	at javax.xml.bind.JAXBContext.newInstance(JAXBContext.java:656)
	at javax.xml.bind.JAXBContext.newInstance(JAXBContext.java:599)
	at org.atteo.config.Configuration.<init>(Configuration.java:226)
	at org.atteo.config.Configuration.<init>(Configuration.java:195)
	at org.atteo.moonshine.ConfigurationReader.<init>(ConfigurationReader.java:62)
	at org.atteo.moonshine.MoonshineImplementation.build(MoonshineImplementation.java:198)
	at org.atteo.moonshine.tests.MoonshineRule.buildMoonshine(MoonshineRule.java:200)
	at org.atteo.moonshine.tests.MoonshineRule.access$000(MoonshineRule.java:62)
	at org.atteo.moonshine.tests.MoonshineRule$1.evaluate(MoonshineRule.java:128)
	at org.junit.rules.RunRules.evaluate(RunRules.java:20)
	at org.junit.runners.ParentRunner.run(ParentRunner.java:309)
	at org.atteo.moonshine.tests.MoonshineMultiRunner.runChild(MoonshineMultiRunner.java:107)
	at org.atteo.moonshine.tests.MoonshineMultiRunner.runChild(MoonshineMultiRunner.java:37)
	at org.junit.runners.ParentRunner$3.run(ParentRunner.java:238)
	at org.junit.runners.ParentRunner$1.schedule(ParentRunner.java:63)
	at org.junit.runners.ParentRunner.runChildren(ParentRunner.java:236)
	at org.junit.runners.ParentRunner.access$000(ParentRunner.java:53)
	at org.junit.runners.ParentRunner$2.evaluate(ParentRunner.java:229)
	at org.junit.runners.ParentRunner.run(ParentRunner.java:309)
	at org.apache.maven.surefire.junit4.JUnit4Provider.execute(JUnit4Provider.java:252)
	at org.apache.maven.surefire.junit4.JUnit4Provider.executeTestSet(JUnit4Provider.java:141)
	at org.apache.maven.surefire.junit4.JUnit4Provider.invoke(JUnit4Provider.java:112)
	at java.base/jdk.internal.reflect.DirectMethodHandleAccessor.invoke(DirectMethodHandleAccessor.java:104)
	at java.base/java.lang.reflect.Method.invoke(Method.java:577)
	at org.apache.maven.surefire.util.ReflectionUtils.invokeMethodWithArray(ReflectionUtils.java:189)
	at org.apache.maven.surefire.booter.ProviderFactory$ProviderProxy.invoke(ProviderFactory.java:165)
	at org.apache.maven.surefire.booter.ProviderFactory.invokeProvider(ProviderFactory.java:85)
	at org.apache.maven.surefire.booter.ForkedBooter.runSuitesInProcess(ForkedBooter.java:115)
	at org.apache.maven.surefire.booter.ForkedBooter.main(ForkedBooter.java:75)
Caused by: java.lang.ClassNotFoundException: javax.activation.DataSource
	at java.base/jdk.internal.loader.BuiltinClassLoader.loadClass(BuiltinClassLoader.java:641)
	at java.base/jdk.internal.loader.ClassLoaders$AppClassLoader.loadClass(ClassLoaders.java:188)
	at java.base/java.lang.ClassLoader.loadClass(ClassLoader.java:521)
	... 45 more

